#
# A fatal error has been detected by the Java Runtime Environment:
#
#  EXCEPTION_ACCESS_VIOLATION (0xc0000005) at pc=0x000000006d532868, pid=39060, tid=38536
#
# JRE version: Java(TM) SE Runtime Environment (8.0_45-b15) (build 1.8.0_45-b15)
# Java VM: Java HotSpot(TM) 64-Bit Server VM (25.45-b02 mixed mode windows-amd64 compressed oops)
# Problematic frame:
# C  [jdwp.dll+0x22868]
#
# Failed to write core dump. Minidumps are not enabled by default on client versions of Windows
#
# If you would like to submit a bug report, please visit:
#   http://bugreport.java.com/bugreport/crash.jsp
# The crash happened outside the Java Virtual Machine in native code.
# See problematic frame for where to report the bug.
#

---------------  T H R E A D  ---------------

Current thread (0x000000005a10b800):  JavaThread "JDWP Command Reader" daemon [_thread_in_native, id=38536, stack(0x000000005af80000,0x000000005b080000)]

siginfo: ExceptionCode=0xc0000005, reading address 0x0000000000000000

Registers:
RAX=0x000000006d53f5a0, RBX=0x000000000000000c, RCX=0x0000000000000000, RDX=0x0000000000000028
RSP=0x000000005b07f510, RBP=0x000000006d5391a8, RSI=0x0000000000000004, RDI=0x000000006dc133c0
R8 =0x000000005b07f578, R9 =0x7efefefefefeff6b, R10=0x81010101010100f8, R11=0x8101010101010100
R12=0x000000005a10c2e0, R13=0x000000005a10c6b8, R14=0x0000000000000000, R15=0x000000006d539198
RIP=0x000000006d532868, EFLAGS=0x0000000000010206

Top of Stack: (sp=0x000000005b07f510)
0x000000005b07f510:   0000000000000002 000000000000002a
0x000000005b07f520:   0000000058ead960 0000000070532fad
0x000000005b07f530:   000000006d539198 000000006dc123c0
0x000000005b07f540:   0000000000000007 0000000070b1d7f8
0x000000005b07f550:   0000000000000020 0000000000000020
0x000000005b07f560:   000000006dc133c0 000000006dc1108e
0x000000005b07f570:   000000000000000c 0000000000000020
0x000000005b07f580:   0000000000000004 0000000070532fad
0x000000005b07f590:   7075727265746e49 636e756620646574
0x000000005b07f5a0:   6c6163206e6f6974 000000000000006c
0x000000005b07f5b0:   0000000003eee5a0 000007fefd12133c
0x000000005b07f5c0:   0000000000000000 0000000000000231
0x000000005b07f5d0:   0000015e721f979c 000000005a10c2e0
0x000000005b07f5e0:   000000005a10b800 0000000070539a62
0x000000005b07f5f0:   000000005a10b800 0000000000000007
0x000000005b07f600:   000000005a0f7050 0000000058eaba50 

Instructions: (pc=0x000000006d532868)
0x000000006d532848:   83 ec 50 48 63 d1 85 c9 75 07 33 c0 e9 84 00 00
0x000000006d532858:   00 48 8b 05 88 d4 00 00 4c 8d 44 24 68 48 8b 08
0x000000006d532868:   48 8b 01 ff 90 68 01 00 00 8b f8 85 c0 74 61 8b
0x000000006d532878:   c8 e8 72 ca fe ff 48 8b d8 ff 15 a9 49 00 00 c7 


Register to memory mapping:

RAX=0x000000006d53f5a0 is an unknown value
RBX=0x000000000000000c is an unknown value
RCX=0x0000000000000000 is an unknown value
RDX=0x0000000000000028 is an unknown value
RSP=0x000000005b07f510 is pointing into the stack for thread: 0x000000005a10b800
RBP=0x000000006d5391a8 is an unknown value
RSI=0x0000000000000004 is an unknown value
RDI=0x000000006dc133c0 is an unknown value
R8 =0x000000005b07f578 is pointing into the stack for thread: 0x000000005a10b800
R9 =0x7efefefefefeff6b is an unknown value
R10=0x81010101010100f8 is an unknown value
R11=0x8101010101010100 is an unknown value
R12=0x000000005a10c2e0 is an unknown value
R13=0x000000005a10c6b8 is an unknown value
R14=0x0000000000000000 is an unknown value
R15=0x000000006d539198 is an unknown value


Stack: [0x000000005af80000,0x000000005b080000],  sp=0x000000005b07f510,  free space=1021k
Native frames: (J=compiled Java code, j=interpreted, Vv=VM code, C=native code)
C  [jdwp.dll+0x22868]
C  [dt_socket.dll+0x108e]
C  [dt_socket.dll+0x15f6]
C  [jdwp.dll+0x1fa11]
C  [jdwp.dll+0xecf6]
V  [jvm.dll+0x1bae98]
V  [jvm.dll+0x241984]
V  [jvm.dll+0x29853a]
C  [msvcr100.dll+0x21d9f]
C  [msvcr100.dll+0x21e3b]
C  [kernel32.dll+0x159cd]
C  [ntdll.dll+0x2a561]


---------------  P R O C E S S  ---------------

Java Threads: ( => current thread )
  0x000000005a182000 JavaThread "Service Thread" daemon [_thread_blocked, id=39680, stack(0x000000005b570000,0x000000005b670000)]
  0x000000005a16c000 JavaThread "C1 CompilerThread2" daemon [_thread_blocked, id=31900, stack(0x000000005b310000,0x000000005b410000)]
  0x000000005a160000 JavaThread "C2 CompilerThread1" daemon [_thread_blocked, id=37484, stack(0x000000005b210000,0x000000005b310000)]
  0x000000005a10f000 JavaThread "C2 CompilerThread0" daemon [_thread_blocked, id=39700, stack(0x000000005b110000,0x000000005b210000)]
=>0x000000005a10b800 JavaThread "JDWP Command Reader" daemon [_thread_in_native, id=38536, stack(0x000000005af80000,0x000000005b080000)]
  0x000000005a0fd000 JavaThread "JDWP Event Helper Thread" daemon [_thread_blocked, id=39464, stack(0x000000005ae20000,0x000000005af20000)]
  0x0000000058eac000 JavaThread "JDWP Transport Listener: dt_socket" daemon [_thread_in_vm, id=38248, stack(0x000000005ab70000,0x000000005ac70000)]
  0x0000000058ea8000 JavaThread "Attach Listener" daemon [_thread_blocked, id=39232, stack(0x000000005a6d0000,0x000000005a7d0000)]
  0x0000000058ea6800 JavaThread "Signal Dispatcher" daemon [_thread_blocked, id=39384, stack(0x000000005a590000,0x000000005a690000)]
  0x0000000058e48800 JavaThread "Finalizer" daemon [_thread_blocked, id=39144, stack(0x0000000059ff0000,0x000000005a0f0000)]
  0x0000000058e41800 JavaThread "Reference Handler" daemon [_thread_blocked, id=39760, stack(0x0000000059eb0000,0x0000000059fb0000)]
  0x0000000003eef000 JavaThread "main" [_thread_blocked, id=38276, stack(0x0000000004110000,0x0000000004210000)]

Other Threads:
  0x0000000058e3c000 VMThread [stack: 0x0000000059d40000,0x0000000059e40000] [id=37868]

VM state:synchronizing (normal execution)

VM Mutex/Monitor currently owned by a thread:  ([mutex/lock_event])
[0x0000000003f28a00] Threads_lock - owner thread: 0x0000000058e3c000

Heap:
 PSYoungGen      total 219648K, used 5884K [0x00000000d7100000, 0x00000000ebd80000, 0x0000000100000000)
  eden space 197632K, 2% used [0x00000000d7100000,0x00000000d76bf3a0,0x00000000e3200000)
  from space 22016K, 0% used [0x00000000e3200000,0x00000000e3200000,0x00000000e4780000)
  to   space 26112K, 0% used [0x00000000ea400000,0x00000000ea400000,0x00000000ebd80000)
 ParOldGen       total 81408K, used 50623K [0x0000000085200000, 0x000000008a180000, 0x00000000d7100000)
  object space 81408K, 62% used [0x0000000085200000,0x000000008836fec0,0x000000008a180000)
 Metaspace       used 26137K, capacity 26776K, committed 26800K, reserved 1073152K
  class space    used 3048K, capacity 3245K, committed 3248K, reserved 1048576K

Card table byte_map: [0x00000000135d0000,0x00000000139b0000] byte_map_base: 0x00000000131a7000

Marking Bits: (ParMarkBitMap*) 0x0000000070b24040
 Begin Bits: [0x0000000014360000, 0x0000000016218000)
 End Bits:   [0x0000000016218000, 0x00000000180d0000)

Polling page: 0x0000000001c70000

CodeCache: size=245760Kb used=19893Kb max_used=19969Kb free=225866Kb
 bounds [0x0000000004210000, 0x00000000055b0000, 0x0000000013210000]
 total_blobs=5408 nmethods=5024 adapters=304
 compilation: enabled

Compilation events (10 events):
Event: 32.131 Thread 0x000000005a16c000 nmethod 5627 0x0000000005574390 code [0x00000000055744e0, 0x0000000005574690]
Event: 32.131 Thread 0x000000005a16c000 5626       3       org.eclipse.sisu.inject.RankedSequence$Content::remove (113 bytes)
Event: 32.131 Thread 0x000000005a16c000 nmethod 5626 0x0000000005573710 code [0x00000000055738e0, 0x00000000055740d8]
Event: 32.131 Thread 0x000000005a16c000 5625       1       sun.nio.cs.StreamEncoder::isOpen (5 bytes)
Event: 32.131 Thread 0x000000005a16c000 nmethod 5625 0x000000000552d1d0 code [0x000000000552d320, 0x000000000552d430]
Event: 32.132 Thread 0x000000005a10f000 nmethod 5621 0x0000000005570350 code [0x00000000055704a0, 0x0000000005570778]
Event: 32.137 Thread 0x000000005a16c000 5628       3       sun.misc.URLClassPath$JarLoader::close (24 bytes)
Event: 32.137 Thread 0x000000005a16c000 nmethod 5628 0x000000000556f990 code [0x000000000556fb40, 0x00000000055700d8]
Event: 32.138 Thread 0x000000005a16c000 5629       1       java.util.logging.Logger::getName (5 bytes)
Event: 32.138 Thread 0x000000005a16c000 nmethod 5629 0x000000000556f6d0 code [0x000000000556f820, 0x000000000556f930]

GC Heap History (10 events):
Event: 11.390 GC heap before
{Heap before GC invocations=9 (full 0):
 PSYoungGen      total 137216K, used 137216K [0x00000000d7100000, 0x00000000e0f00000, 0x0000000100000000)
  eden space 123392K, 100% used [0x00000000d7100000,0x00000000de980000,0x00000000de980000)
  from space 13824K, 100% used [0x00000000dfa80000,0x00000000e0800000,0x00000000e0800000)
  to   space 17408K, 0% used [0x00000000de980000,0x00000000de980000,0x00000000dfa80000)
 ParOldGen       total 84992K, used 18297K [0x0000000085200000, 0x000000008a500000, 0x00000000d7100000)
  object space 84992K, 21% used [0x0000000085200000,0x00000000863de408,0x000000008a500000)
 Metaspace       used 20802K, capacity 21244K, committed 21248K, reserved 1069056K
  class space    used 2459K, capacity 2560K, committed 2560K, reserved 1048576K
Event: 11.420 GC heap after
Heap after GC invocations=9 (full 0):
 PSYoungGen      total 140800K, used 17376K [0x00000000d7100000, 0x00000000e5d00000, 0x0000000100000000)
  eden space 123392K, 0% used [0x00000000d7100000,0x00000000d7100000,0x00000000de980000)
  from space 17408K, 99% used [0x00000000de980000,0x00000000dfa781d8,0x00000000dfa80000)
  to   space 22016K, 0% used [0x00000000e4780000,0x00000000e4780000,0x00000000e5d00000)
 ParOldGen       total 84992K, used 24654K [0x0000000085200000, 0x000000008a500000, 0x00000000d7100000)
  object space 84992K, 29% used [0x0000000085200000,0x0000000086a13a10,0x000000008a500000)
 Metaspace       used 20802K, capacity 21244K, committed 21248K, reserved 1069056K
  class space    used 2459K, capacity 2560K, committed 2560K, reserved 1048576K
}
Event: 11.534 GC heap before
{Heap before GC invocations=10 (full 0):
 PSYoungGen      total 140800K, used 25133K [0x00000000d7100000, 0x00000000e5d00000, 0x0000000100000000)
  eden space 123392K, 6% used [0x00000000d7100000,0x00000000d7893580,0x00000000de980000)
  from space 17408K, 99% used [0x00000000de980000,0x00000000dfa781d8,0x00000000dfa80000)
  to   space 22016K, 0% used [0x00000000e4780000,0x00000000e4780000,0x00000000e5d00000)
 ParOldGen       total 84992K, used 24654K [0x0000000085200000, 0x000000008a500000, 0x00000000d7100000)
  object space 84992K, 29% used [0x0000000085200000,0x0000000086a13a10,0x000000008a500000)
 Metaspace       used 20850K, capacity 21276K, committed 21296K, reserved 1069056K
  class space    used 2468K, capacity 2592K, committed 2608K, reserved 1048576K
Event: 11.555 GC heap after
Heap after GC invocations=10 (full 0):
 PSYoungGen      total 219648K, used 7305K [0x00000000d7100000, 0x00000000e5d00000, 0x0000000100000000)
  eden space 197632K, 0% used [0x00000000d7100000,0x00000000d7100000,0x00000000e3200000)
  from space 22016K, 33% used [0x00000000e4780000,0x00000000e4ea2660,0x00000000e5d00000)
  to   space 22016K, 0% used [0x00000000e3200000,0x00000000e3200000,0x00000000e4780000)
 ParOldGen       total 84992K, used 35103K [0x0000000085200000, 0x000000008a500000, 0x00000000d7100000)
  object space 84992K, 41% used [0x0000000085200000,0x0000000087447fc0,0x000000008a500000)
 Metaspace       used 20850K, capacity 21276K, committed 21296K, reserved 1069056K
  class space    used 2468K, capacity 2592K, committed 2608K, reserved 1048576K
}
Event: 11.555 GC heap before
{Heap before GC invocations=11 (full 1):
 PSYoungGen      total 219648K, used 7305K [0x00000000d7100000, 0x00000000e5d00000, 0x0000000100000000)
  eden space 197632K, 0% used [0x00000000d7100000,0x00000000d7100000,0x00000000e3200000)
  from space 22016K, 33% used [0x00000000e4780000,0x00000000e4ea2660,0x00000000e5d00000)
  to   space 22016K, 0% used [0x00000000e3200000,0x00000000e3200000,0x00000000e4780000)
 ParOldGen       total 84992K, used 35103K [0x0000000085200000, 0x000000008a500000, 0x00000000d7100000)
  object space 84992K, 41% used [0x0000000085200000,0x0000000087447fc0,0x000000008a500000)
 Metaspace       used 20850K, capacity 21276K, committed 21296K, reserved 1069056K
  class space    used 2468K, capacity 2592K, committed 2608K, reserved 1048576K
Event: 11.755 GC heap after
Heap after GC invocations=11 (full 1):
 PSYoungGen      total 219648K, used 0K [0x00000000d7100000, 0x00000000e5d00000, 0x0000000100000000)
  eden space 197632K, 0% used [0x00000000d7100000,0x00000000d7100000,0x00000000e3200000)
  from space 22016K, 0% used [0x00000000e4780000,0x00000000e4780000,0x00000000e5d00000)
  to   space 22016K, 0% used [0x00000000e3200000,0x00000000e3200000,0x00000000e4780000)
 ParOldGen       total 81408K, used 32613K [0x0000000085200000, 0x000000008a180000, 0x00000000d7100000)
  object space 81408K, 40% used [0x0000000085200000,0x00000000871d97f0,0x000000008a180000)
 Metaspace       used 20850K, capacity 21276K, committed 21296K, reserved 1069056K
  class space    used 2468K, capacity 2592K, committed 2608K, reserved 1048576K
}
Event: 31.856 GC heap before
{Heap before GC invocations=12 (full 1):
 PSYoungGen      total 219648K, used 159835K [0x00000000d7100000, 0x00000000e5d00000, 0x0000000100000000)
  eden space 197632K, 80% used [0x00000000d7100000,0x00000000e0d16c90,0x00000000e3200000)
  from space 22016K, 0% used [0x00000000e4780000,0x00000000e4780000,0x00000000e5d00000)
  to   space 22016K, 0% used [0x00000000e3200000,0x00000000e3200000,0x00000000e4780000)
 ParOldGen       total 81408K, used 32613K [0x0000000085200000, 0x000000008a180000, 0x00000000d7100000)
  object space 81408K, 40% used [0x0000000085200000,0x00000000871d97f0,0x000000008a180000)
 Metaspace       used 26138K, capacity 26794K, committed 26800K, reserved 1073152K
  class space    used 3048K, capacity 3247K, committed 3248K, reserved 1048576K
Event: 31.884 GC heap after
Heap after GC invocations=12 (full 1):
 PSYoungGen      total 219648K, used 22012K [0x00000000d7100000, 0x00000000ebd80000, 0x0000000100000000)
  eden space 197632K, 0% used [0x00000000d7100000,0x00000000d7100000,0x00000000e3200000)
  from space 22016K, 99% used [0x00000000e3200000,0x00000000e477f1f0,0x00000000e4780000)
  to   space 26112K, 0% used [0x00000000ea400000,0x00000000ea400000,0x00000000ebd80000)
 ParOldGen       total 81408K, used 35394K [0x0000000085200000, 0x000000008a180000, 0x00000000d7100000)
  object space 81408K, 43% used [0x0000000085200000,0x0000000087490b30,0x000000008a180000)
 Metaspace       used 26138K, capacity 26794K, committed 26800K, reserved 1073152K
  class space    used 3048K, capacity 3247K, committed 3248K, reserved 1048576K
}
Event: 31.884 GC heap before
{Heap before GC invocations=13 (full 2):
 PSYoungGen      total 219648K, used 22012K [0x00000000d7100000, 0x00000000ebd80000, 0x0000000100000000)
  eden space 197632K, 0% used [0x00000000d7100000,0x00000000d7100000,0x00000000e3200000)
  from space 22016K, 99% used [0x00000000e3200000,0x00000000e477f1f0,0x00000000e4780000)
  to   space 26112K, 0% used [0x00000000ea400000,0x00000000ea400000,0x00000000ebd80000)
 ParOldGen       total 81408K, used 35394K [0x0000000085200000, 0x000000008a180000, 0x00000000d7100000)
  object space 81408K, 43% used [0x0000000085200000,0x0000000087490b30,0x000000008a180000)
 Metaspace       used 26138K, capacity 26794K, committed 26800K, reserved 1073152K
  class space    used 3048K, capacity 3247K, committed 3248K, reserved 1048576K
Event: 32.124 GC heap after
Heap after GC invocations=13 (full 2):
 PSYoungGen      total 219648K, used 0K [0x00000000d7100000, 0x00000000ebd80000, 0x0000000100000000)
  eden space 197632K, 0% used [0x00000000d7100000,0x00000000d7100000,0x00000000e3200000)
  from space 22016K, 0% used [0x00000000e3200000,0x00000000e3200000,0x00000000e4780000)
  to   space 26112K, 0% used [0x00000000ea400000,0x00000000ea400000,0x00000000ebd80000)
 ParOldGen       total 81408K, used 50623K [0x0000000085200000, 0x000000008a180000, 0x00000000d7100000)
  object space 81408K, 62% used [0x0000000085200000,0x000000008836fec0,0x000000008a180000)
 Metaspace       used 26123K, capacity 26776K, committed 26800K, reserved 1073152K
  class space    used 3047K, capacity 3245K, committed 3248K, reserved 1048576K
}

Deoptimization events (10 events):
Event: 20.647 Thread 0x0000000003eef000 Uncommon trap: reason=unhandled action=none pc=0x0000000004e624bc method=java.net.URLClassLoader.findClass(Ljava/lang/String;)Ljava/lang/Class; @ 44
Event: 20.698 Thread 0x0000000003eef000 Uncommon trap: reason=unhandled action=none pc=0x0000000004e624bc method=java.net.URLClassLoader.findClass(Ljava/lang/String;)Ljava/lang/Class; @ 44
Event: 20.699 Thread 0x0000000003eef000 Uncommon trap: reason=unhandled action=none pc=0x0000000004e624bc method=java.net.URLClassLoader.findClass(Ljava/lang/String;)Ljava/lang/Class; @ 44
Event: 20.699 Thread 0x0000000003eef000 Uncommon trap: reason=unhandled action=none pc=0x0000000004e624bc method=java.net.URLClassLoader.findClass(Ljava/lang/String;)Ljava/lang/Class; @ 44
Event: 20.700 Thread 0x0000000003eef000 Uncommon trap: reason=class_check action=maybe_recompile pc=0x0000000004a989ec method=java.util.Hashtable.put(Ljava/lang/Object;Ljava/lang/Object;)Ljava/lang/Object; @ 18
Event: 20.700 Thread 0x0000000003eef000 Uncommon trap: reason=class_check action=maybe_recompile pc=0x0000000004a16980 method=java.util.Hashtable.get(Ljava/lang/Object;)Ljava/lang/Object; @ 6
Event: 20.700 Thread 0x0000000003eef000 Uncommon trap: reason=class_check action=maybe_recompile pc=0x0000000004a989ec method=java.util.Hashtable.put(Ljava/lang/Object;Ljava/lang/Object;)Ljava/lang/Object; @ 18
Event: 32.128 Thread 0x0000000003eef000 Uncommon trap: reason=unstable_if action=reinterpret pc=0x0000000004c16358 method=java.util.concurrent.ConcurrentHashMap.replaceNode(Ljava/lang/Object;Ljava/lang/Object;Ljava/lang/Object;)Ljava/lang/Object; @ 136
Event: 32.134 Thread 0x0000000003eef000 Uncommon trap: reason=unhandled action=none pc=0x0000000004e624bc method=java.net.URLClassLoader.findClass(Ljava/lang/String;)Ljava/lang/Class; @ 44
Event: 32.134 Thread 0x0000000003eef000 Uncommon trap: reason=unhandled action=none pc=0x0000000004e624bc method=java.net.URLClassLoader.findClass(Ljava/lang/String;)Ljava/lang/Class; @ 44

Internal exceptions (10 events):
Event: 20.124 Thread 0x0000000003eef000 Exception <a 'java/lang/ArrayIndexOutOfBoundsException': 85> (0x00000000dffe4ad8) thrown at [C:\re\workspace\8-2-build-windows-amd64-cygwin\jdk8u45\3627\hotspot\src\share\vm\interpreter\interpreterRuntime.cpp, line 366]
Event: 20.124 Thread 0x0000000003eef000 Exception <a 'java/lang/ArrayIndexOutOfBoundsException': 112> (0x00000000dffe61c8) thrown at [C:\re\workspace\8-2-build-windows-amd64-cygwin\jdk8u45\3627\hotspot\src\share\vm\interpreter\interpreterRuntime.cpp, line 366]
Event: 20.124 Thread 0x0000000003eef000 Exception <a 'java/lang/ArrayIndexOutOfBoundsException': 113> (0x00000000dffe7f90) thrown at [C:\re\workspace\8-2-build-windows-amd64-cygwin\jdk8u45\3627\hotspot\src\share\vm\interpreter\interpreterRuntime.cpp, line 366]
Event: 20.124 Thread 0x0000000003eef000 Exception <a 'java/lang/ArrayIndexOutOfBoundsException': 111> (0x00000000dffe9bd8) thrown at [C:\re\workspace\8-2-build-windows-amd64-cygwin\jdk8u45\3627\hotspot\src\share\vm\interpreter\interpreterRuntime.cpp, line 366]
Event: 20.328 Thread 0x0000000003eef000 Exception <a 'java/lang/ArrayIndexOutOfBoundsException': 37> (0x00000000e0485c88) thrown at [C:\re\workspace\8-2-build-windows-amd64-cygwin\jdk8u45\3627\hotspot\src\share\vm\interpreter\interpreterRuntime.cpp, line 366]
Event: 20.328 Thread 0x0000000003eef000 Exception <a 'java/lang/ArrayIndexOutOfBoundsException': 72> (0x00000000e0487038) thrown at [C:\re\workspace\8-2-build-windows-amd64-cygwin\jdk8u45\3627\hotspot\src\share\vm\interpreter\interpreterRuntime.cpp, line 366]
Event: 20.328 Thread 0x0000000003eef000 Exception <a 'java/lang/ArrayIndexOutOfBoundsException': 83> (0x00000000e0488858) thrown at [C:\re\workspace\8-2-build-windows-amd64-cygwin\jdk8u45\3627\hotspot\src\share\vm\interpreter\interpreterRuntime.cpp, line 366]
Event: 20.328 Thread 0x0000000003eef000 Exception <a 'java/lang/ArrayIndexOutOfBoundsException': 83> (0x00000000e0489f98) thrown at [C:\re\workspace\8-2-build-windows-amd64-cygwin\jdk8u45\3627\hotspot\src\share\vm\interpreter\interpreterRuntime.cpp, line 366]
Event: 20.441 Thread 0x0000000003eef000 Exception <a 'java/lang/ArrayIndexOutOfBoundsException': 182> (0x00000000e083e620) thrown at [C:\re\workspace\8-2-build-windows-amd64-cygwin\jdk8u45\3627\hotspot\src\share\vm\interpreter\interpreterRuntime.cpp, line 366]
Event: 20.475 Thread 0x0000000003eef000 Exception <a 'java/lang/NoClassDefFoundError': org/sonatype/aether/version/VersionConstraint> (0x00000000e08d66e8) thrown at [C:\re\workspace\8-2-build-windows-amd64-cygwin\jdk8u45\3627\hotspot\src\share\vm\classfile\systemDictionary.cpp, line 199]

Events (10 events):
Event: 32.134 Thread 0x0000000003eef000 DEOPT UNPACKING pc=0x000000000425787f sp=0x000000000420d5d0 mode 1
Event: 32.134 Thread 0x0000000003eef000 DEOPT PACKING pc=0x000000000443f1e1 sp=0x000000000420d820
Event: 32.134 Thread 0x0000000003eef000 DEOPT UNPACKING pc=0x000000000425787f sp=0x000000000420d560 mode 1
Event: 32.134 Thread 0x0000000003eef000 DEOPT PACKING pc=0x000000000442cd54 sp=0x000000000420d940
Event: 32.134 Thread 0x0000000003eef000 DEOPT UNPACKING pc=0x000000000425787f sp=0x000000000420d5d8 mode 1
Event: 32.138 Thread 0x0000000061964800 Thread added: 0x0000000061964800
Event: 32.138 Thread 0x000000005c2ee000 Thread added: 0x000000005c2ee000
Event: 32.138 Thread 0x000000005c2ee000 Thread exited: 0x000000005c2ee000
Event: 32.138 Thread 0x0000000061964800 Thread exited: 0x0000000061964800
Event: 32.139 Executing VM operation: Exit


Dynamic libraries:
0x000000013f680000 - 0x000000013f6b7000 	C:\Program Files\Java\jdk1.8.0_45\bin\javaw.exe
0x00000000772b0000 - 0x000000007745a000 	C:\WINDOWS\SYSTEM32\ntdll.dll
0x0000000077090000 - 0x00000000771af000 	C:\WINDOWS\system32\kernel32.dll
0x000007fefd120000 - 0x000007fefd18a000 	C:\WINDOWS\system32\KERNELBASE.dll
0x000007fefe050000 - 0x000007fefe12b000 	C:\WINDOWS\system32\ADVAPI32.dll
0x000007feff370000 - 0x000007feff40f000 	C:\WINDOWS\system32\msvcrt.dll
0x000007feff350000 - 0x000007feff36f000 	C:\WINDOWS\SYSTEM32\sechost.dll
0x000007feff490000 - 0x000007feff5bd000 	C:\WINDOWS\system32\RPCRT4.dll
0x00000000771b0000 - 0x00000000772aa000 	C:\WINDOWS\system32\USER32.dll
0x000007feff150000 - 0x000007feff1b7000 	C:\WINDOWS\system32\GDI32.dll
0x000007fefe030000 - 0x000007fefe03e000 	C:\WINDOWS\system32\LPK.dll
0x000007feff260000 - 0x000007feff32b000 	C:\WINDOWS\system32\USP10.dll
0x000007fefc6c0000 - 0x000007fefc8b4000 	C:\WINDOWS\WinSxS\amd64_microsoft.windows.common-controls_6595b64144ccf1df_6.0.7601.18837_none_fa3b1e3d17594757\COMCTL32.dll
0x000007feff410000 - 0x000007feff481000 	C:\WINDOWS\system32\SHLWAPI.dll
0x000007fefd400000 - 0x000007fefd42e000 	C:\WINDOWS\system32\IMM32.DLL
0x000007fefd510000 - 0x000007fefd619000 	C:\WINDOWS\system32\MSCTF.dll
0x000007fefceb0000 - 0x000007fefcf0c000 	C:\PROGRA~1\Avecto\PRIVIL~1\PGHook.dll
0x000007fefcdf0000 - 0x000007fefce08000 	C:\WINDOWS\system32\CRYPTSP.dll
0x000007fefcda0000 - 0x000007fefcde7000 	C:\WINDOWS\system32\rsaenh.dll
0x000007fefcd90000 - 0x000007fefcd9f000 	C:\WINDOWS\system32\CRYPTBASE.dll
0x0000000077480000 - 0x0000000077487000 	C:\WINDOWS\system32\PSAPI.DLL
0x000007fed28d0000 - 0x000007fed29be000 	C:\ProgramData\Application Data\Aternity\hooks\HooksCore64.dll
0x0000000180000000 - 0x0000000180037000 	C:\ProgramData\Application Data\Aternity\hooks\ExceptionFilterHook64.dll
0x000000006d660000 - 0x000000006d7f6000 	C:\ProgramData\Application Data\Aternity\hooks\x64\dbghelp.dll
0x0000000003620000 - 0x000000000370f000 	C:\ProgramData\Application Data\Aternity\hooks\WinSockHook64.dll
0x000007fefe310000 - 0x000007fefe35d000 	C:\WINDOWS\system32\WS2_32.dll
0x000007fefe040000 - 0x000007fefe048000 	C:\WINDOWS\system32\NSI.dll
0x0000000003970000 - 0x0000000003a49000 	C:\ProgramData\Application Data\Aternity\hooks\Win32UiLocalHook64.dll
0x000007feef690000 - 0x000007feef737000 	C:\Program Files\McAfee\Host Intrusion Prevention\HcApi.dll
0x0000000064be0000 - 0x0000000064bec000 	C:\Program Files\McAfee\Host Intrusion Prevention\HcThe.dll
0x000000006d580000 - 0x000000006d652000 	C:\Program Files\Java\jdk1.8.0_45\jre\bin\msvcr100.dll
0x0000000070320000 - 0x0000000070ba3000 	C:\Program Files\Java\jdk1.8.0_45\jre\bin\server\jvm.dll
0x000007fef9b50000 - 0x000007fef9b59000 	C:\WINDOWS\system32\WSOCK32.dll
0x000007fefa250000 - 0x000007fefa28b000 	C:\WINDOWS\system32\WINMM.dll
0x000007fefc030000 - 0x000007fefc03c000 	C:\WINDOWS\system32\VERSION.dll
0x0000000067760000 - 0x000000006776f000 	C:\Program Files\Java\jdk1.8.0_45\jre\bin\verify.dll
0x000000006ca40000 - 0x000000006ca69000 	C:\Program Files\Java\jdk1.8.0_45\jre\bin\java.dll
0x000000006d510000 - 0x000000006d545000 	C:\Program Files\Java\jdk1.8.0_45\jre\bin\jdwp.dll
0x000000006dbb0000 - 0x000000006dbb8000 	C:\Program Files\Java\jdk1.8.0_45\jre\bin\npt.dll
0x0000000070e40000 - 0x0000000070e56000 	C:\Program Files\Java\jdk1.8.0_45\jre\bin\zip.dll
0x000007fefe360000 - 0x000007feff0eb000 	C:\WINDOWS\system32\SHELL32.dll
0x000007fefd8f0000 - 0x000007fefdaec000 	C:\WINDOWS\system32\ole32.dll
0x000007fefcfa0000 - 0x000007fefcfaf000 	C:\WINDOWS\system32\profapi.dll
0x000000006dc10000 - 0x000000006dc19000 	C:\Program Files\Java\jdk1.8.0_45\jre\bin\dt_socket.dll
0x000007fefa650000 - 0x000007fefa665000 	C:\WINDOWS\system32\NLAapi.dll
0x000007fef9100000 - 0x000007fef9115000 	C:\WINDOWS\system32\napinsp.dll
0x000007fef9120000 - 0x000007fef9139000 	C:\WINDOWS\system32\pnrpnsp.dll
0x000007fefc380000 - 0x000007fefc3d5000 	C:\WINDOWS\System32\mswsock.dll
0x000007fefc1f0000 - 0x000007fefc24b000 	C:\WINDOWS\system32\DNSAPI.dll
0x000007fef90f0000 - 0x000007fef90fb000 	C:\WINDOWS\System32\winrnr.dll
0x000007fef90e0000 - 0x000007fef90f0000 	C:\WINDOWS\system32\wshbth.dll
0x000007fefa520000 - 0x000007fefa547000 	C:\WINDOWS\system32\IPHLPAPI.DLL
0x000007fefa510000 - 0x000007fefa51b000 	C:\WINDOWS\system32\WINNSI.DLL
0x000007fef9e00000 - 0x000007fef9e53000 	C:\WINDOWS\System32\fwpuclnt.dll
0x000007fef9830000 - 0x000007fef9838000 	C:\WINDOWS\system32\rasadhlp.dll
0x000007fefb920000 - 0x000007fefb927000 	C:\WINDOWS\System32\wshtcpip.dll
0x000000006f650000 - 0x000000006f66a000 	C:\Program Files\Java\jdk1.8.0_45\jre\bin\net.dll
0x000007fefc360000 - 0x000007fefc367000 	C:\WINDOWS\System32\wship6.dll
0x000000006fc90000 - 0x000000006fca1000 	C:\Program Files\Java\jdk1.8.0_45\jre\bin\nio.dll
0x000007fefcd10000 - 0x000007fefcd67000 	C:\WINDOWS\system32\apphelp.dll

VM Arguments:
jvm_args: -agentlib:jdwp=transport=dt_socket,suspend=y,address=localhost:58021 -Dmaven.home=EMBEDDED -Dclassworlds.conf=C:\Users\AF43847\Downloads\jbpm-installer-full-7.1.0.Final\workspace\.metadata\.plugins\org.eclipse.m2e.launching\launches\m2conf796511291175538051.tmp -Dmaven.multiModuleProjectDirectory=C:\Users\AF43847\EclipseWorkspace\Ruleservice -Dfile.encoding=Cp1252 
java_command: org.codehaus.plexus.classworlds.launcher.Launcher -B clean install spring-boot:run
java_class_path (initial): /C:/Users/AF43847/Downloads/jbpm-installer-full-7.1.0.Final/eclipse/plugins/org.eclipse.m2e.maven.runtime_1.7.0.20160603-1931/jars/plexus-classworlds-2.5.2.jar
Launcher Type: SUN_STANDARD

Environment Variables:
JAVA_HOME=C:\Program Files\Java\jdk1.8.0_45
JRE_HOME=C:\Program Files (x86)\Java\jre1.6.0_20
USERNAME=AF43847
OS=Windows_NT
PROCESSOR_IDENTIFIER=Intel64 Family 6 Model 78 Stepping 3, GenuineIntel



---------------  S Y S T E M  ---------------

OS: Windows 7 , 64 bit Build 7601 (6.1.7601.23807)

CPU:total 4 (2 cores per cpu, 2 threads per core) family 6 model 78 stepping 3, cmov, cx8, fxsr, mmx, sse, sse2, sse3, ssse3, sse4.1, sse4.2, popcnt, avx, avx2, aes, clmul, erms, rtm, 3dnowpref, lzcnt, ht, tsc, tscinvbit, bmi1, bmi2, adx

Memory: 4k page, physical 8050012k(799900k free), swap 16098164k(5232176k free)

vm_info: Java HotSpot(TM) 64-Bit Server VM (25.45-b02) for windows-amd64 JRE (1.8.0_45-b15), built on Apr 30 2015 12:40:44 by "java_re" with MS VC++ 10.0 (VS2010)

time: Mon Sep 11 14:07:06 2017
elapsed time: 32 seconds (0d 0h 0m 32s)

